

Started GET "/users" for 127.0.0.1 at 2015-10-09 13:04:24 -0700

ActiveRecord::PendingMigrationError (

Migrations are pending. To resolve this issue, run:

	bin/rake db:migrate RAILS_ENV=development

):
  activerecord (4.1.5) lib/active_record/migration.rb:389:in `check_pending!'
  activerecord (4.1.5) lib/active_record/migration.rb:377:in `call'
  actionpack (4.1.5) lib/action_dispatch/middleware/callbacks.rb:29:in `block in call'
  activesupport (4.1.5) lib/active_support/callbacks.rb:82:in `run_callbacks'
  actionpack (4.1.5) lib/action_dispatch/middleware/callbacks.rb:27:in `call'
  actionpack (4.1.5) lib/action_dispatch/middleware/reloader.rb:73:in `call'
  actionpack (4.1.5) lib/action_dispatch/middleware/remote_ip.rb:76:in `call'
  actionpack (4.1.5) lib/action_dispatch/middleware/debug_exceptions.rb:17:in `call'
  web-console (2.1.0) lib/web_console/middleware.rb:37:in `call'
  actionpack (4.1.5) lib/action_dispatch/middleware/show_exceptions.rb:30:in `call'
  railties (4.1.5) lib/rails/rack/logger.rb:38:in `call_app'
  railties (4.1.5) lib/rails/rack/logger.rb:20:in `block in call'
  activesupport (4.1.5) lib/active_support/tagged_logging.rb:68:in `block in tagged'
  activesupport (4.1.5) lib/active_support/tagged_logging.rb:26:in `tagged'
  activesupport (4.1.5) lib/active_support/tagged_logging.rb:68:in `tagged'
  railties (4.1.5) lib/rails/rack/logger.rb:20:in `call'
  actionpack (4.1.5) lib/action_dispatch/middleware/request_id.rb:21:in `call'
  rack (1.5.2) lib/rack/methodoverride.rb:21:in `call'
  rack (1.5.2) lib/rack/runtime.rb:17:in `call'
  activesupport (4.1.5) lib/active_support/cache/strategy/local_cache_middleware.rb:26:in `call'
  rack (1.5.2) lib/rack/lock.rb:17:in `call'
  actionpack (4.1.5) lib/action_dispatch/middleware/static.rb:64:in `call'
  rack (1.5.2) lib/rack/sendfile.rb:112:in `call'
  railties (4.1.5) lib/rails/engine.rb:514:in `call'
  railties (4.1.5) lib/rails/application.rb:144:in `call'
  rack (1.5.2) lib/rack/lock.rb:17:in `call'
  rack (1.5.2) lib/rack/content_length.rb:14:in `call'
  rack (1.5.2) lib/rack/handler/webrick.rb:60:in `service'
  /Users/dhrushil/.rvm/rubies/ruby-2.2.0/lib/ruby/2.2.0/webrick/httpserver.rb:138:in `service'
  /Users/dhrushil/.rvm/rubies/ruby-2.2.0/lib/ruby/2.2.0/webrick/httpserver.rb:94:in `run'
  /Users/dhrushil/.rvm/rubies/ruby-2.2.0/lib/ruby/2.2.0/webrick/server.rb:294:in `block in start_thread'


  Rendered /Users/dhrushil/.rvm/gems/ruby-2.2.0@rails_decal/gems/actionpack-4.1.5/lib/action_dispatch/middleware/templates/rescues/_source.erb (0.5ms)
  Rendered /Users/dhrushil/.rvm/gems/ruby-2.2.0@rails_decal/gems/actionpack-4.1.5/lib/action_dispatch/middleware/templates/rescues/_trace.html.erb (1.0ms)
  Rendered /Users/dhrushil/.rvm/gems/ruby-2.2.0@rails_decal/gems/actionpack-4.1.5/lib/action_dispatch/middleware/templates/rescues/_request_and_response.html.erb (0.9ms)
  Rendered /Users/dhrushil/.rvm/gems/ruby-2.2.0@rails_decal/gems/actionpack-4.1.5/lib/action_dispatch/middleware/templates/rescues/diagnostics.erb within rescues/layout (47.2ms)
  Rendered /Users/dhrushil/.rvm/gems/ruby-2.2.0@rails_decal/gems/web-console-2.1.0/lib/web_console/templates/_markup.html (0.3ms)
  Rendered /Users/dhrushil/.rvm/gems/ruby-2.2.0@rails_decal/gems/web-console-2.1.0/lib/web_console/templates/style.css within layouts/inlined_string (0.3ms)
  Rendered /Users/dhrushil/.rvm/gems/ruby-2.2.0@rails_decal/gems/web-console-2.1.0/lib/web_console/templates/_inner_console_markup.html within layouts/inlined_string (0.3ms)
  Rendered /Users/dhrushil/.rvm/gems/ruby-2.2.0@rails_decal/gems/web-console-2.1.0/lib/web_console/templates/_prompt_box_markup.html within layouts/inlined_string (0.3ms)
  Rendered /Users/dhrushil/.rvm/gems/ruby-2.2.0@rails_decal/gems/web-console-2.1.0/lib/web_console/templates/console.js within layouts/javascript (46.9ms)
  Rendered /Users/dhrushil/.rvm/gems/ruby-2.2.0@rails_decal/gems/web-console-2.1.0/lib/web_console/templates/main.js within layouts/javascript (0.3ms)
  Rendered /Users/dhrushil/.rvm/gems/ruby-2.2.0@rails_decal/gems/web-console-2.1.0/lib/web_console/templates/error_page.js within layouts/javascript (0.4ms)
  Rendered /Users/dhrushil/.rvm/gems/ruby-2.2.0@rails_decal/gems/web-console-2.1.0/lib/web_console/templates/index.html (107.0ms)
  [1m[36m (1.1ms)[0m  [1mCREATE TABLE "schema_migrations" ("version" varchar(255) NOT NULL) [0m
  [1m[35m (0.1ms)[0m  select sqlite_version(*)
  [1m[36m (0.9ms)[0m  [1mCREATE UNIQUE INDEX "unique_schema_migrations" ON "schema_migrations" ("version")[0m
  [1m[35mActiveRecord::SchemaMigration Load (0.1ms)[0m  SELECT "schema_migrations".* FROM "schema_migrations"
Migrating to CreateUsers (20150302232135)
  [1m[36m (0.8ms)[0m  [1mbegin transaction[0m
  [1m[35m (0.8ms)[0m  CREATE TABLE "users" ("id" INTEGER PRIMARY KEY AUTOINCREMENT NOT NULL, "name" varchar(255), "email" varchar(255), "created_at" datetime, "updated_at" datetime) 
  [1m[36mSQL (0.2ms)[0m  [1mINSERT INTO "schema_migrations" ("version") VALUES (?)[0m  [["version", "20150302232135"]]
  [1m[35m (0.7ms)[0m  commit transaction
  [1m[36mActiveRecord::SchemaMigration Load (0.1ms)[0m  [1mSELECT "schema_migrations".* FROM "schema_migrations"[0m


Started GET "/users" for 127.0.0.1 at 2015-10-09 13:04:49 -0700
  [1m[36mActiveRecord::SchemaMigration Load (0.1ms)[0m  [1mSELECT "schema_migrations".* FROM "schema_migrations"[0m
Processing by UsersController#index as HTML
  [1m[35mUser Load (0.1ms)[0m  SELECT "users".* FROM "users"
  Rendered users/index.html.erb within layouts/application (1.9ms)
Completed 200 OK in 1147ms (Views: 1135.2ms | ActiveRecord: 0.1ms)


Started GET "/assets/users-64e62ddc273c2f5847f30d698ca14b67.css?body=1" for 127.0.0.1 at 2015-10-09 13:04:51 -0700


Started GET "/assets/application-3389a58e893ccfa951d3de92bab997b0.js?body=1" for 127.0.0.1 at 2015-10-09 13:04:51 -0700


Started GET "/assets/jquery_ujs-8163409ac89d9587bb33a62f6f74d283.js?body=1" for 127.0.0.1 at 2015-10-09 13:04:51 -0700


Started GET "/assets/turbolinks-f87b3583ca50adb0488b031297f5580d.js?body=1" for 127.0.0.1 at 2015-10-09 13:04:51 -0700


Started GET "/assets/jquery-5c8e9a5f2706a5ae36c57c9b8b1693b8.js?body=1" for 127.0.0.1 at 2015-10-09 13:04:51 -0700


Started GET "/assets/application-5266d2988799ecc8fe6e81eaab412e7d.css?body=1" for 127.0.0.1 at 2015-10-09 13:04:51 -0700


Started GET "/assets/users-fcec5b5a277ac7c20cc9f45a209a3bcd.js?body=1" for 127.0.0.1 at 2015-10-09 13:04:51 -0700


Started GET "/users/new" for 127.0.0.1 at 2015-10-09 13:04:53 -0700
Processing by UsersController#new as HTML
  Rendered users/new.html.erb within layouts/application (25.8ms)
Completed 200 OK in 63ms (Views: 61.8ms | ActiveRecord: 0.3ms)


Started GET "/" for 127.0.0.1 at 2015-10-09 13:36:23 -0700
  [1m[36mActiveRecord::SchemaMigration Load (0.4ms)[0m  [1mSELECT "schema_migrations".* FROM "schema_migrations"[0m

ActiveRecord::PendingMigrationError (

Migrations are pending. To resolve this issue, run:

	bin/rake db:migrate RAILS_ENV=development

):
  activerecord (4.1.5) lib/active_record/migration.rb:389:in `check_pending!'
  activerecord (4.1.5) lib/active_record/migration.rb:377:in `call'
  actionpack (4.1.5) lib/action_dispatch/middleware/callbacks.rb:29:in `block in call'
  activesupport (4.1.5) lib/active_support/callbacks.rb:82:in `run_callbacks'
  actionpack (4.1.5) lib/action_dispatch/middleware/callbacks.rb:27:in `call'
  actionpack (4.1.5) lib/action_dispatch/middleware/reloader.rb:73:in `call'
  actionpack (4.1.5) lib/action_dispatch/middleware/remote_ip.rb:76:in `call'
  actionpack (4.1.5) lib/action_dispatch/middleware/debug_exceptions.rb:17:in `call'
  web-console (2.2.1) lib/web_console/middleware.rb:39:in `call'
  actionpack (4.1.5) lib/action_dispatch/middleware/show_exceptions.rb:30:in `call'
  railties (4.1.5) lib/rails/rack/logger.rb:38:in `call_app'
  railties (4.1.5) lib/rails/rack/logger.rb:20:in `block in call'
  activesupport (4.1.5) lib/active_support/tagged_logging.rb:68:in `block in tagged'
  activesupport (4.1.5) lib/active_support/tagged_logging.rb:26:in `tagged'
  activesupport (4.1.5) lib/active_support/tagged_logging.rb:68:in `tagged'
  railties (4.1.5) lib/rails/rack/logger.rb:20:in `call'
  actionpack (4.1.5) lib/action_dispatch/middleware/request_id.rb:21:in `call'
  rack (1.5.5) lib/rack/methodoverride.rb:21:in `call'
  rack (1.5.5) lib/rack/runtime.rb:17:in `call'
  activesupport (4.1.5) lib/active_support/cache/strategy/local_cache_middleware.rb:26:in `call'
  rack (1.5.5) lib/rack/lock.rb:17:in `call'
  actionpack (4.1.5) lib/action_dispatch/middleware/static.rb:64:in `call'
  rack (1.5.5) lib/rack/sendfile.rb:112:in `call'
  railties (4.1.5) lib/rails/engine.rb:514:in `call'
  railties (4.1.5) lib/rails/application.rb:144:in `call'
  rack (1.5.5) lib/rack/lock.rb:17:in `call'
  rack (1.5.5) lib/rack/content_length.rb:14:in `call'
  rack (1.5.5) lib/rack/handler/webrick.rb:60:in `service'
  /Users/dhrushil/.rvm/rubies/ruby-2.2.0/lib/ruby/2.2.0/webrick/httpserver.rb:138:in `service'
  /Users/dhrushil/.rvm/rubies/ruby-2.2.0/lib/ruby/2.2.0/webrick/httpserver.rb:94:in `run'
  /Users/dhrushil/.rvm/rubies/ruby-2.2.0/lib/ruby/2.2.0/webrick/server.rb:294:in `block in start_thread'


  Rendered /Users/dhrushil/.rvm/gems/ruby-2.2.0@rails_decal/gems/actionpack-4.1.5/lib/action_dispatch/middleware/templates/rescues/_source.erb (0.6ms)
  Rendered /Users/dhrushil/.rvm/gems/ruby-2.2.0@rails_decal/gems/actionpack-4.1.5/lib/action_dispatch/middleware/templates/rescues/_trace.html.erb (1.5ms)
  Rendered /Users/dhrushil/.rvm/gems/ruby-2.2.0@rails_decal/gems/actionpack-4.1.5/lib/action_dispatch/middleware/templates/rescues/_request_and_response.html.erb (1.2ms)
  Rendered /Users/dhrushil/.rvm/gems/ruby-2.2.0@rails_decal/gems/actionpack-4.1.5/lib/action_dispatch/middleware/templates/rescues/diagnostics.erb within rescues/layout (48.7ms)
  Rendered /Users/dhrushil/.rvm/gems/ruby-2.2.0@rails_decal/gems/web-console-2.2.1/lib/web_console/templates/_markup.html.erb (0.4ms)
  Rendered /Users/dhrushil/.rvm/gems/ruby-2.2.0@rails_decal/gems/web-console-2.2.1/lib/web_console/templates/_inner_console_markup.html.erb within layouts/inlined_string (0.4ms)
  Rendered /Users/dhrushil/.rvm/gems/ruby-2.2.0@rails_decal/gems/web-console-2.2.1/lib/web_console/templates/_prompt_box_markup.html.erb within layouts/inlined_string (0.3ms)
  Rendered /Users/dhrushil/.rvm/gems/ruby-2.2.0@rails_decal/gems/web-console-2.2.1/lib/web_console/templates/style.css.erb within layouts/inlined_string (0.5ms)
  Rendered /Users/dhrushil/.rvm/gems/ruby-2.2.0@rails_decal/gems/web-console-2.2.1/lib/web_console/templates/console.js.erb within layouts/javascript (48.2ms)
  Rendered /Users/dhrushil/.rvm/gems/ruby-2.2.0@rails_decal/gems/web-console-2.2.1/lib/web_console/templates/main.js.erb within layouts/javascript (0.5ms)
  Rendered /Users/dhrushil/.rvm/gems/ruby-2.2.0@rails_decal/gems/web-console-2.2.1/lib/web_console/templates/error_page.js.erb within layouts/javascript (0.4ms)
  Rendered /Users/dhrushil/.rvm/gems/ruby-2.2.0@rails_decal/gems/web-console-2.2.1/lib/web_console/templates/index.html.erb (107.6ms)
  [1m[36mActiveRecord::SchemaMigration Load (0.1ms)[0m  [1mSELECT "schema_migrations".* FROM "schema_migrations"[0m
Migrating to CreateDogs (20151009202446)
  [1m[35m (0.0ms)[0m  begin transaction
  [1m[36m (0.4ms)[0m  [1mCREATE TABLE "dogs" ("id" INTEGER PRIMARY KEY AUTOINCREMENT NOT NULL, "name" varchar(255), "age" integer, "created_at" datetime, "updated_at" datetime) [0m
  [1m[35mSQL (0.2ms)[0m  INSERT INTO "schema_migrations" ("version") VALUES (?)  [["version", "20151009202446"]]
  [1m[36m (0.6ms)[0m  [1mcommit transaction[0m
  [1m[35mActiveRecord::SchemaMigration Load (0.1ms)[0m  SELECT "schema_migrations".* FROM "schema_migrations"


Started GET "/" for 127.0.0.1 at 2015-10-09 13:36:44 -0700
  [1m[36mActiveRecord::SchemaMigration Load (0.1ms)[0m  [1mSELECT "schema_migrations".* FROM "schema_migrations"[0m
Processing by Rails::WelcomeController#index as HTML
  Rendered /Users/dhrushil/.rvm/gems/ruby-2.2.0@rails_decal/gems/railties-4.1.5/lib/rails/templates/rails/welcome/index.html.erb (1.3ms)
Completed 200 OK in 17ms (Views: 7.2ms | ActiveRecord: 0.0ms)


Started GET "/user" for 127.0.0.1 at 2015-10-09 13:36:48 -0700

ActionController::RoutingError (No route matches [GET] "/user"):
  actionpack (4.1.5) lib/action_dispatch/middleware/debug_exceptions.rb:21:in `call'
  web-console (2.2.1) lib/web_console/middleware.rb:39:in `call'
  actionpack (4.1.5) lib/action_dispatch/middleware/show_exceptions.rb:30:in `call'
  railties (4.1.5) lib/rails/rack/logger.rb:38:in `call_app'
  railties (4.1.5) lib/rails/rack/logger.rb:20:in `block in call'
  activesupport (4.1.5) lib/active_support/tagged_logging.rb:68:in `block in tagged'
  activesupport (4.1.5) lib/active_support/tagged_logging.rb:26:in `tagged'
  activesupport (4.1.5) lib/active_support/tagged_logging.rb:68:in `tagged'
  railties (4.1.5) lib/rails/rack/logger.rb:20:in `call'
  actionpack (4.1.5) lib/action_dispatch/middleware/request_id.rb:21:in `call'
  rack (1.5.5) lib/rack/methodoverride.rb:21:in `call'
  rack (1.5.5) lib/rack/runtime.rb:17:in `call'
  activesupport (4.1.5) lib/active_support/cache/strategy/local_cache_middleware.rb:26:in `call'
  rack (1.5.5) lib/rack/lock.rb:17:in `call'
  actionpack (4.1.5) lib/action_dispatch/middleware/static.rb:64:in `call'
  rack (1.5.5) lib/rack/sendfile.rb:112:in `call'
  railties (4.1.5) lib/rails/engine.rb:514:in `call'
  railties (4.1.5) lib/rails/application.rb:144:in `call'
  rack (1.5.5) lib/rack/lock.rb:17:in `call'
  rack (1.5.5) lib/rack/content_length.rb:14:in `call'
  rack (1.5.5) lib/rack/handler/webrick.rb:60:in `service'
  /Users/dhrushil/.rvm/rubies/ruby-2.2.0/lib/ruby/2.2.0/webrick/httpserver.rb:138:in `service'
  /Users/dhrushil/.rvm/rubies/ruby-2.2.0/lib/ruby/2.2.0/webrick/httpserver.rb:94:in `run'
  /Users/dhrushil/.rvm/rubies/ruby-2.2.0/lib/ruby/2.2.0/webrick/server.rb:294:in `block in start_thread'


  Rendered /Users/dhrushil/.rvm/gems/ruby-2.2.0@rails_decal/gems/actionpack-4.1.5/lib/action_dispatch/middleware/templates/rescues/_trace.html.erb (1.1ms)
  Rendered /Users/dhrushil/.rvm/gems/ruby-2.2.0@rails_decal/gems/actionpack-4.1.5/lib/action_dispatch/middleware/templates/routes/_route.html.erb (0.7ms)
  Rendered /Users/dhrushil/.rvm/gems/ruby-2.2.0@rails_decal/gems/actionpack-4.1.5/lib/action_dispatch/middleware/templates/routes/_table.html.erb (7.0ms)
  Rendered /Users/dhrushil/.rvm/gems/ruby-2.2.0@rails_decal/gems/actionpack-4.1.5/lib/action_dispatch/middleware/templates/rescues/routing_error.html.erb within rescues/layout (55.1ms)
  Rendered /Users/dhrushil/.rvm/gems/ruby-2.2.0@rails_decal/gems/web-console-2.2.1/lib/web_console/templates/_markup.html.erb (0.4ms)
  Rendered /Users/dhrushil/.rvm/gems/ruby-2.2.0@rails_decal/gems/web-console-2.2.1/lib/web_console/templates/_inner_console_markup.html.erb within layouts/inlined_string (0.3ms)
  Rendered /Users/dhrushil/.rvm/gems/ruby-2.2.0@rails_decal/gems/web-console-2.2.1/lib/web_console/templates/_prompt_box_markup.html.erb within layouts/inlined_string (0.3ms)
  Rendered /Users/dhrushil/.rvm/gems/ruby-2.2.0@rails_decal/gems/web-console-2.2.1/lib/web_console/templates/style.css.erb within layouts/inlined_string (0.3ms)
  Rendered /Users/dhrushil/.rvm/gems/ruby-2.2.0@rails_decal/gems/web-console-2.2.1/lib/web_console/templates/console.js.erb within layouts/javascript (39.6ms)
  Rendered /Users/dhrushil/.rvm/gems/ruby-2.2.0@rails_decal/gems/web-console-2.2.1/lib/web_console/templates/main.js.erb within layouts/javascript (0.3ms)
  Rendered /Users/dhrushil/.rvm/gems/ruby-2.2.0@rails_decal/gems/web-console-2.2.1/lib/web_console/templates/error_page.js.erb within layouts/javascript (0.4ms)
  Rendered /Users/dhrushil/.rvm/gems/ruby-2.2.0@rails_decal/gems/web-console-2.2.1/lib/web_console/templates/index.html.erb (95.6ms)


Started GET "/dogs" for 127.0.0.1 at 2015-10-09 13:43:07 -0700
  [1m[36mActiveRecord::SchemaMigration Load (0.1ms)[0m  [1mSELECT "schema_migrations".* FROM "schema_migrations"[0m

ActionController::RoutingError (uninitialized constant DogsController):
  activesupport (4.1.5) lib/active_support/inflector/methods.rb:238:in `const_get'
  activesupport (4.1.5) lib/active_support/inflector/methods.rb:238:in `block in constantize'
  activesupport (4.1.5) lib/active_support/inflector/methods.rb:236:in `each'
  activesupport (4.1.5) lib/active_support/inflector/methods.rb:236:in `inject'
  activesupport (4.1.5) lib/active_support/inflector/methods.rb:236:in `constantize'
  actionpack (4.1.5) lib/action_dispatch/routing/route_set.rb:78:in `controller_reference'
  actionpack (4.1.5) lib/action_dispatch/routing/route_set.rb:68:in `controller'
  actionpack (4.1.5) lib/action_dispatch/routing/route_set.rb:46:in `call'
  actionpack (4.1.5) lib/action_dispatch/journey/router.rb:71:in `block in call'
  actionpack (4.1.5) lib/action_dispatch/journey/router.rb:59:in `each'
  actionpack (4.1.5) lib/action_dispatch/journey/router.rb:59:in `call'
  actionpack (4.1.5) lib/action_dispatch/routing/route_set.rb:678:in `call'
  rack (1.5.5) lib/rack/etag.rb:23:in `call'
  rack (1.5.5) lib/rack/conditionalget.rb:25:in `call'
  rack (1.5.5) lib/rack/head.rb:11:in `call'
  actionpack (4.1.5) lib/action_dispatch/middleware/params_parser.rb:27:in `call'
  actionpack (4.1.5) lib/action_dispatch/middleware/flash.rb:254:in `call'
  rack (1.5.5) lib/rack/session/abstract/id.rb:225:in `context'
  rack (1.5.5) lib/rack/session/abstract/id.rb:220:in `call'
  actionpack (4.1.5) lib/action_dispatch/middleware/cookies.rb:560:in `call'
  activerecord (4.1.5) lib/active_record/query_cache.rb:36:in `call'
  activerecord (4.1.5) lib/active_record/connection_adapters/abstract/connection_pool.rb:621:in `call'
  activerecord (4.1.5) lib/active_record/migration.rb:380:in `call'
  actionpack (4.1.5) lib/action_dispatch/middleware/callbacks.rb:29:in `block in call'
  activesupport (4.1.5) lib/active_support/callbacks.rb:82:in `run_callbacks'
  actionpack (4.1.5) lib/action_dispatch/middleware/callbacks.rb:27:in `call'
  actionpack (4.1.5) lib/action_dispatch/middleware/reloader.rb:73:in `call'
  actionpack (4.1.5) lib/action_dispatch/middleware/remote_ip.rb:76:in `call'
  actionpack (4.1.5) lib/action_dispatch/middleware/debug_exceptions.rb:17:in `call'
  web-console (2.2.1) lib/web_console/middleware.rb:39:in `call'
  actionpack (4.1.5) lib/action_dispatch/middleware/show_exceptions.rb:30:in `call'
  railties (4.1.5) lib/rails/rack/logger.rb:38:in `call_app'
  railties (4.1.5) lib/rails/rack/logger.rb:20:in `block in call'
  activesupport (4.1.5) lib/active_support/tagged_logging.rb:68:in `block in tagged'
  activesupport (4.1.5) lib/active_support/tagged_logging.rb:26:in `tagged'
  activesupport (4.1.5) lib/active_support/tagged_logging.rb:68:in `tagged'
  railties (4.1.5) lib/rails/rack/logger.rb:20:in `call'
  actionpack (4.1.5) lib/action_dispatch/middleware/request_id.rb:21:in `call'
  rack (1.5.5) lib/rack/methodoverride.rb:21:in `call'
  rack (1.5.5) lib/rack/runtime.rb:17:in `call'
  activesupport (4.1.5) lib/active_support/cache/strategy/local_cache_middleware.rb:26:in `call'
  rack (1.5.5) lib/rack/lock.rb:17:in `call'
  actionpack (4.1.5) lib/action_dispatch/middleware/static.rb:64:in `call'
  rack (1.5.5) lib/rack/sendfile.rb:112:in `call'
  railties (4.1.5) lib/rails/engine.rb:514:in `call'
  railties (4.1.5) lib/rails/application.rb:144:in `call'
  rack (1.5.5) lib/rack/lock.rb:17:in `call'
  rack (1.5.5) lib/rack/content_length.rb:14:in `call'
  rack (1.5.5) lib/rack/handler/webrick.rb:60:in `service'
  /Users/dhrushil/.rvm/rubies/ruby-2.2.0/lib/ruby/2.2.0/webrick/httpserver.rb:138:in `service'
  /Users/dhrushil/.rvm/rubies/ruby-2.2.0/lib/ruby/2.2.0/webrick/httpserver.rb:94:in `run'
  /Users/dhrushil/.rvm/rubies/ruby-2.2.0/lib/ruby/2.2.0/webrick/server.rb:294:in `block in start_thread'


  Rendered /Users/dhrushil/.rvm/gems/ruby-2.2.0@rails_decal/gems/actionpack-4.1.5/lib/action_dispatch/middleware/templates/rescues/_trace.html.erb (1.1ms)
  Rendered /Users/dhrushil/.rvm/gems/ruby-2.2.0@rails_decal/gems/actionpack-4.1.5/lib/action_dispatch/middleware/templates/routes/_route.html.erb (1.2ms)
  Rendered /Users/dhrushil/.rvm/gems/ruby-2.2.0@rails_decal/gems/actionpack-4.1.5/lib/action_dispatch/middleware/templates/routes/_table.html.erb (6.7ms)
  Rendered /Users/dhrushil/.rvm/gems/ruby-2.2.0@rails_decal/gems/actionpack-4.1.5/lib/action_dispatch/middleware/templates/rescues/routing_error.html.erb within rescues/layout (60.0ms)
  Rendered /Users/dhrushil/.rvm/gems/ruby-2.2.0@rails_decal/gems/web-console-2.2.1/lib/web_console/templates/_markup.html.erb (0.4ms)
  Rendered /Users/dhrushil/.rvm/gems/ruby-2.2.0@rails_decal/gems/web-console-2.2.1/lib/web_console/templates/_inner_console_markup.html.erb within layouts/inlined_string (0.5ms)
  Rendered /Users/dhrushil/.rvm/gems/ruby-2.2.0@rails_decal/gems/web-console-2.2.1/lib/web_console/templates/_prompt_box_markup.html.erb within layouts/inlined_string (0.4ms)
  Rendered /Users/dhrushil/.rvm/gems/ruby-2.2.0@rails_decal/gems/web-console-2.2.1/lib/web_console/templates/style.css.erb within layouts/inlined_string (0.3ms)
  Rendered /Users/dhrushil/.rvm/gems/ruby-2.2.0@rails_decal/gems/web-console-2.2.1/lib/web_console/templates/console.js.erb within layouts/javascript (45.6ms)
  Rendered /Users/dhrushil/.rvm/gems/ruby-2.2.0@rails_decal/gems/web-console-2.2.1/lib/web_console/templates/main.js.erb within layouts/javascript (0.3ms)
  Rendered /Users/dhrushil/.rvm/gems/ruby-2.2.0@rails_decal/gems/web-console-2.2.1/lib/web_console/templates/error_page.js.erb within layouts/javascript (0.5ms)
  Rendered /Users/dhrushil/.rvm/gems/ruby-2.2.0@rails_decal/gems/web-console-2.2.1/lib/web_console/templates/index.html.erb (98.2ms)


Started GET "/dogs" for 127.0.0.1 at 2015-10-09 14:01:25 -0700
  [1m[36mActiveRecord::SchemaMigration Load (0.4ms)[0m  [1mSELECT "schema_migrations".* FROM "schema_migrations"[0m
Processing by DogsController#index as HTML
Completed 500 Internal Server Error in 20ms

ActionView::MissingTemplate (Missing template dogs/index, application/index with {:locale=>[:en], :formats=>[:html], :variants=>[], :handlers=>[:erb, :builder, :raw, :ruby, :coffee, :jbuilder]}. Searched in:
  * "/Users/dhrushil/Documents/RailsDecal/fa15-hw4/app/views"
):
  actionview (4.1.5) lib/action_view/path_set.rb:46:in `find'
  actionview (4.1.5) lib/action_view/lookup_context.rb:124:in `find'
  actionview (4.1.5) lib/action_view/renderer/abstract_renderer.rb:18:in `find_template'
  actionview (4.1.5) lib/action_view/renderer/template_renderer.rb:41:in `determine_template'
  actionview (4.1.5) lib/action_view/renderer/template_renderer.rb:8:in `render'
  actionview (4.1.5) lib/action_view/renderer/renderer.rb:42:in `render_template'
  actionview (4.1.5) lib/action_view/renderer/renderer.rb:23:in `render'
  actionview (4.1.5) lib/action_view/rendering.rb:99:in `_render_template'
  actionpack (4.1.5) lib/action_controller/metal/streaming.rb:217:in `_render_template'
  actionview (4.1.5) lib/action_view/rendering.rb:82:in `render_to_body'
  actionpack (4.1.5) lib/action_controller/metal/rendering.rb:32:in `render_to_body'
  actionpack (4.1.5) lib/action_controller/metal/renderers.rb:32:in `render_to_body'
  actionpack (4.1.5) lib/abstract_controller/rendering.rb:25:in `render'
  actionpack (4.1.5) lib/action_controller/metal/rendering.rb:16:in `render'
  actionpack (4.1.5) lib/action_controller/metal/instrumentation.rb:41:in `block (2 levels) in render'
  activesupport (4.1.5) lib/active_support/core_ext/benchmark.rb:12:in `block in ms'
  /Users/dhrushil/.rvm/rubies/ruby-2.2.0/lib/ruby/2.2.0/benchmark.rb:303:in `realtime'
  activesupport (4.1.5) lib/active_support/core_ext/benchmark.rb:12:in `ms'
  actionpack (4.1.5) lib/action_controller/metal/instrumentation.rb:41:in `block in render'
  actionpack (4.1.5) lib/action_controller/metal/instrumentation.rb:84:in `cleanup_view_runtime'
  activerecord (4.1.5) lib/active_record/railties/controller_runtime.rb:25:in `cleanup_view_runtime'
  actionpack (4.1.5) lib/action_controller/metal/instrumentation.rb:40:in `render'
  actionpack (4.1.5) lib/action_controller/metal/implicit_render.rb:10:in `default_render'
  actionpack (4.1.5) lib/action_controller/metal/implicit_render.rb:5:in `send_action'
  actionpack (4.1.5) lib/abstract_controller/base.rb:189:in `process_action'
  actionpack (4.1.5) lib/action_controller/metal/rendering.rb:10:in `process_action'
  actionpack (4.1.5) lib/abstract_controller/callbacks.rb:20:in `block in process_action'
  activesupport (4.1.5) lib/active_support/callbacks.rb:113:in `call'
  activesupport (4.1.5) lib/active_support/callbacks.rb:113:in `call'
  activesupport (4.1.5) lib/active_support/callbacks.rb:229:in `block in halting'
  activesupport (4.1.5) lib/active_support/callbacks.rb:229:in `call'
  activesupport (4.1.5) lib/active_support/callbacks.rb:229:in `block in halting'
  activesupport (4.1.5) lib/active_support/callbacks.rb:166:in `call'
  activesupport (4.1.5) lib/active_support/callbacks.rb:166:in `block in halting'
  activesupport (4.1.5) lib/active_support/callbacks.rb:166:in `call'
  activesupport (4.1.5) lib/active_support/callbacks.rb:166:in `block in halting'
  activesupport (4.1.5) lib/active_support/callbacks.rb:166:in `call'
  activesupport (4.1.5) lib/active_support/callbacks.rb:166:in `block in halting'
  activesupport (4.1.5) lib/active_support/callbacks.rb:86:in `call'
  activesupport (4.1.5) lib/active_support/callbacks.rb:86:in `run_callbacks'
  actionpack (4.1.5) lib/abstract_controller/callbacks.rb:19:in `process_action'
  actionpack (4.1.5) lib/action_controller/metal/rescue.rb:29:in `process_action'
  actionpack (4.1.5) lib/action_controller/metal/instrumentation.rb:31:in `block in process_action'
  activesupport (4.1.5) lib/active_support/notifications.rb:159:in `block in instrument'
  activesupport (4.1.5) lib/active_support/notifications/instrumenter.rb:20:in `instrument'
  activesupport (4.1.5) lib/active_support/notifications.rb:159:in `instrument'
  actionpack (4.1.5) lib/action_controller/metal/instrumentation.rb:30:in `process_action'
  actionpack (4.1.5) lib/action_controller/metal/params_wrapper.rb:250:in `process_action'
  activerecord (4.1.5) lib/active_record/railties/controller_runtime.rb:18:in `process_action'
  actionpack (4.1.5) lib/abstract_controller/base.rb:136:in `process'
  actionview (4.1.5) lib/action_view/rendering.rb:30:in `process'
  actionpack (4.1.5) lib/action_controller/metal.rb:196:in `dispatch'
  actionpack (4.1.5) lib/action_controller/metal/rack_delegation.rb:13:in `dispatch'
  actionpack (4.1.5) lib/action_controller/metal.rb:232:in `block in action'
  actionpack (4.1.5) lib/action_dispatch/routing/route_set.rb:82:in `call'
  actionpack (4.1.5) lib/action_dispatch/routing/route_set.rb:82:in `dispatch'
  actionpack (4.1.5) lib/action_dispatch/routing/route_set.rb:50:in `call'
  actionpack (4.1.5) lib/action_dispatch/journey/router.rb:71:in `block in call'
  actionpack (4.1.5) lib/action_dispatch/journey/router.rb:59:in `each'
  actionpack (4.1.5) lib/action_dispatch/journey/router.rb:59:in `call'
  actionpack (4.1.5) lib/action_dispatch/routing/route_set.rb:678:in `call'
  rack (1.5.5) lib/rack/etag.rb:23:in `call'
  rack (1.5.5) lib/rack/conditionalget.rb:25:in `call'
  rack (1.5.5) lib/rack/head.rb:11:in `call'
  actionpack (4.1.5) lib/action_dispatch/middleware/params_parser.rb:27:in `call'
  actionpack (4.1.5) lib/action_dispatch/middleware/flash.rb:254:in `call'
  rack (1.5.5) lib/rack/session/abstract/id.rb:225:in `context'
  rack (1.5.5) lib/rack/session/abstract/id.rb:220:in `call'
  actionpack (4.1.5) lib/action_dispatch/middleware/cookies.rb:560:in `call'
  activerecord (4.1.5) lib/active_record/query_cache.rb:36:in `call'
  activerecord (4.1.5) lib/active_record/connection_adapters/abstract/connection_pool.rb:621:in `call'
  activerecord (4.1.5) lib/active_record/migration.rb:380:in `call'
  actionpack (4.1.5) lib/action_dispatch/middleware/callbacks.rb:29:in `block in call'
  activesupport (4.1.5) lib/active_support/callbacks.rb:82:in `run_callbacks'
  actionpack (4.1.5) lib/action_dispatch/middleware/callbacks.rb:27:in `call'
  actionpack (4.1.5) lib/action_dispatch/middleware/reloader.rb:73:in `call'
  actionpack (4.1.5) lib/action_dispatch/middleware/remote_ip.rb:76:in `call'
  actionpack (4.1.5) lib/action_dispatch/middleware/debug_exceptions.rb:17:in `call'
  web-console (2.2.1) lib/web_console/middleware.rb:39:in `call'
  actionpack (4.1.5) lib/action_dispatch/middleware/show_exceptions.rb:30:in `call'
  railties (4.1.5) lib/rails/rack/logger.rb:38:in `call_app'
  railties (4.1.5) lib/rails/rack/logger.rb:20:in `block in call'
  activesupport (4.1.5) lib/active_support/tagged_logging.rb:68:in `block in tagged'
  activesupport (4.1.5) lib/active_support/tagged_logging.rb:26:in `tagged'
  activesupport (4.1.5) lib/active_support/tagged_logging.rb:68:in `tagged'
  railties (4.1.5) lib/rails/rack/logger.rb:20:in `call'
  actionpack (4.1.5) lib/action_dispatch/middleware/request_id.rb:21:in `call'
  rack (1.5.5) lib/rack/methodoverride.rb:21:in `call'
  rack (1.5.5) lib/rack/runtime.rb:17:in `call'
  activesupport (4.1.5) lib/active_support/cache/strategy/local_cache_middleware.rb:26:in `call'
  rack (1.5.5) lib/rack/lock.rb:17:in `call'
  actionpack (4.1.5) lib/action_dispatch/middleware/static.rb:64:in `call'
  rack (1.5.5) lib/rack/sendfile.rb:112:in `call'
  railties (4.1.5) lib/rails/engine.rb:514:in `call'
  railties (4.1.5) lib/rails/application.rb:144:in `call'
  rack (1.5.5) lib/rack/lock.rb:17:in `call'
  rack (1.5.5) lib/rack/content_length.rb:14:in `call'
  rack (1.5.5) lib/rack/handler/webrick.rb:60:in `service'
  /Users/dhrushil/.rvm/rubies/ruby-2.2.0/lib/ruby/2.2.0/webrick/httpserver.rb:138:in `service'
  /Users/dhrushil/.rvm/rubies/ruby-2.2.0/lib/ruby/2.2.0/webrick/httpserver.rb:94:in `run'
  /Users/dhrushil/.rvm/rubies/ruby-2.2.0/lib/ruby/2.2.0/webrick/server.rb:294:in `block in start_thread'


  Rendered /Users/dhrushil/.rvm/gems/ruby-2.2.0@rails_decal/gems/actionpack-4.1.5/lib/action_dispatch/middleware/templates/rescues/missing_template.html.erb within rescues/layout (1.8ms)
  Rendered /Users/dhrushil/.rvm/gems/ruby-2.2.0@rails_decal/gems/web-console-2.2.1/lib/web_console/templates/_markup.html.erb (0.4ms)
  Rendered /Users/dhrushil/.rvm/gems/ruby-2.2.0@rails_decal/gems/web-console-2.2.1/lib/web_console/templates/_inner_console_markup.html.erb within layouts/inlined_string (0.3ms)
  Rendered /Users/dhrushil/.rvm/gems/ruby-2.2.0@rails_decal/gems/web-console-2.2.1/lib/web_console/templates/_prompt_box_markup.html.erb within layouts/inlined_string (0.5ms)
  Rendered /Users/dhrushil/.rvm/gems/ruby-2.2.0@rails_decal/gems/web-console-2.2.1/lib/web_console/templates/style.css.erb within layouts/inlined_string (0.4ms)
  Rendered /Users/dhrushil/.rvm/gems/ruby-2.2.0@rails_decal/gems/web-console-2.2.1/lib/web_console/templates/console.js.erb within layouts/javascript (56.8ms)
  Rendered /Users/dhrushil/.rvm/gems/ruby-2.2.0@rails_decal/gems/web-console-2.2.1/lib/web_console/templates/main.js.erb within layouts/javascript (0.3ms)
  Rendered /Users/dhrushil/.rvm/gems/ruby-2.2.0@rails_decal/gems/web-console-2.2.1/lib/web_console/templates/error_page.js.erb within layouts/javascript (0.4ms)
  Rendered /Users/dhrushil/.rvm/gems/ruby-2.2.0@rails_decal/gems/web-console-2.2.1/lib/web_console/templates/index.html.erb (121.9ms)


Started GET "/dogs" for 127.0.0.1 at 2015-10-09 14:09:21 -0700
  [1m[36mActiveRecord::SchemaMigration Load (0.4ms)[0m  [1mSELECT "schema_migrations".* FROM "schema_migrations"[0m
Processing by DogsController#index as HTML
  Rendered dogs/index.html.erb within layouts/application (5.0ms)
Completed 500 Internal Server Error in 24ms

ActionView::Template::Error (undefined method `each' for nil:NilClass):
    1: <h1>Dogs in the Database</h1>
    2: <% @dogs.each do |d| %> <!-- Iterates through each user under the variable u -->
    3:   Name: <p> <%= link_to d.name, dog_path(d) %> </p> <!-- Show the users name-->
    4:   Age : <p> <%= d.age %> </p> <!-- Show the users email -->
    5: <% end %>
  app/views/dogs/index.html.erb:2:in `_app_views_dogs_index_html_erb___3550512103608837574_70152306317100'


  Rendered /Users/dhrushil/.rvm/gems/ruby-2.2.0@rails_decal/gems/actionpack-4.1.5/lib/action_dispatch/middleware/templates/rescues/_trace.html.erb (1.3ms)
  Rendered /Users/dhrushil/.rvm/gems/ruby-2.2.0@rails_decal/gems/actionpack-4.1.5/lib/action_dispatch/middleware/templates/rescues/_request_and_response.html.erb (0.9ms)
  Rendered /Users/dhrushil/.rvm/gems/ruby-2.2.0@rails_decal/gems/actionpack-4.1.5/lib/action_dispatch/middleware/templates/rescues/template_error.html.erb within rescues/layout (35.3ms)
  Rendered /Users/dhrushil/.rvm/gems/ruby-2.2.0@rails_decal/gems/web-console-2.2.1/lib/web_console/templates/_markup.html.erb (0.4ms)
  Rendered /Users/dhrushil/.rvm/gems/ruby-2.2.0@rails_decal/gems/web-console-2.2.1/lib/web_console/templates/_inner_console_markup.html.erb within layouts/inlined_string (0.5ms)
  Rendered /Users/dhrushil/.rvm/gems/ruby-2.2.0@rails_decal/gems/web-console-2.2.1/lib/web_console/templates/_prompt_box_markup.html.erb within layouts/inlined_string (0.3ms)
  Rendered /Users/dhrushil/.rvm/gems/ruby-2.2.0@rails_decal/gems/web-console-2.2.1/lib/web_console/templates/style.css.erb within layouts/inlined_string (0.3ms)
  Rendered /Users/dhrushil/.rvm/gems/ruby-2.2.0@rails_decal/gems/web-console-2.2.1/lib/web_console/templates/console.js.erb within layouts/javascript (41.0ms)
  Rendered /Users/dhrushil/.rvm/gems/ruby-2.2.0@rails_decal/gems/web-console-2.2.1/lib/web_console/templates/main.js.erb within layouts/javascript (0.3ms)
  Rendered /Users/dhrushil/.rvm/gems/ruby-2.2.0@rails_decal/gems/web-console-2.2.1/lib/web_console/templates/error_page.js.erb within layouts/javascript (0.4ms)
  Rendered /Users/dhrushil/.rvm/gems/ruby-2.2.0@rails_decal/gems/web-console-2.2.1/lib/web_console/templates/index.html.erb (99.8ms)


Started GET "/dogs" for 127.0.0.1 at 2015-10-09 14:10:54 -0700
  [1m[36mActiveRecord::SchemaMigration Load (0.5ms)[0m  [1mSELECT "schema_migrations".* FROM "schema_migrations"[0m
Processing by DogsController#index as HTML
  [1m[35mDog Load (0.4ms)[0m  SELECT "dogs".* FROM "dogs"
  Rendered dogs/index.html.erb within layouts/application (3.3ms)
Completed 200 OK in 1508ms (Views: 1494.8ms | ActiveRecord: 0.4ms)


Started GET "/assets/users.self-e3b0c44298fc1c149afbf4c8996fb92427ae41e4649b934ca495991b7852b855.css?body=1" for 127.0.0.1 at 2015-10-09 14:10:56 -0700


Started GET "/assets/jquery.self-4c7649dd655c61cb850cfd2e71f937c3bbf3e3a752a3499ed8bb9884473fe1dd.js?body=1" for 127.0.0.1 at 2015-10-09 14:10:56 -0700


Started GET "/assets/application.self-e80e8f2318043e8af94dddc2adad5a4f09739a8ebb323b3ab31cd71d45fd9113.css?body=1" for 127.0.0.1 at 2015-10-09 14:10:56 -0700


Started GET "/assets/turbolinks.self-c37727e9bd6b2735da5c311aa83fead54ed0be6cc8bd9a65309e9c5abe2cbfff.js?body=1" for 127.0.0.1 at 2015-10-09 14:10:56 -0700


Started GET "/assets/users.self-877aef30ae1b040ab8a3aba4e3e309a11d7f2612f44dde450b5c157aa5f95c05.js?body=1" for 127.0.0.1 at 2015-10-09 14:10:56 -0700


Started GET "/assets/jquery_ujs.self-82819b9f2de121124a614eeab50287468ad6f4b1ef4437925a7832ffbdf2cce9.js?body=1" for 127.0.0.1 at 2015-10-09 14:10:56 -0700


Started GET "/assets/application.self-3a3c8b61bda630ee689740ce7cbd0dd8ea6fdd45e2c42eef4661ab38cf268afe.js?body=1" for 127.0.0.1 at 2015-10-09 14:10:56 -0700


Started GET "/dogs/new" for 127.0.0.1 at 2015-10-09 14:11:00 -0700
Processing by DogsController#new as HTML
  Rendered dogs/new.html.erb within layouts/application (40.8ms)
Completed 200 OK in 114ms (Views: 110.2ms | ActiveRecord: 0.6ms)


Started POST "/dogs" for 127.0.0.1 at 2015-10-09 14:11:02 -0700
Processing by DogsController#create as HTML
  Parameters: {"utf8"=>"✓", "authenticity_token"=>"Oz7kAd/0OqD7O2Zt+D3y0BpbMZKM/1KmffK5XBfK6N8=", "dog"=>{"name"=>"", "age"=>""}, "commit"=>"Create Dog"}
  [1m[36m (0.1ms)[0m  [1mbegin transaction[0m
  [1m[35m (0.1ms)[0m  rollback transaction
Completed 500 Internal Server Error in 9ms

NoMethodError (undefined method `save' for nil:NilClass):
  app/controllers/dogs_controller.rb:14:in `create'


  Rendered /Users/dhrushil/.rvm/gems/ruby-2.2.0@rails_decal/gems/actionpack-4.1.5/lib/action_dispatch/middleware/templates/rescues/_source.erb (0.6ms)
  Rendered /Users/dhrushil/.rvm/gems/ruby-2.2.0@rails_decal/gems/actionpack-4.1.5/lib/action_dispatch/middleware/templates/rescues/_trace.html.erb (1.6ms)
  Rendered /Users/dhrushil/.rvm/gems/ruby-2.2.0@rails_decal/gems/actionpack-4.1.5/lib/action_dispatch/middleware/templates/rescues/_request_and_response.html.erb (1.8ms)
  Rendered /Users/dhrushil/.rvm/gems/ruby-2.2.0@rails_decal/gems/actionpack-4.1.5/lib/action_dispatch/middleware/templates/rescues/diagnostics.erb within rescues/layout (70.4ms)
  Rendered /Users/dhrushil/.rvm/gems/ruby-2.2.0@rails_decal/gems/web-console-2.2.1/lib/web_console/templates/_markup.html.erb (0.9ms)
  Rendered /Users/dhrushil/.rvm/gems/ruby-2.2.0@rails_decal/gems/web-console-2.2.1/lib/web_console/templates/_inner_console_markup.html.erb within layouts/inlined_string (0.6ms)
  Rendered /Users/dhrushil/.rvm/gems/ruby-2.2.0@rails_decal/gems/web-console-2.2.1/lib/web_console/templates/_prompt_box_markup.html.erb within layouts/inlined_string (0.3ms)
  Rendered /Users/dhrushil/.rvm/gems/ruby-2.2.0@rails_decal/gems/web-console-2.2.1/lib/web_console/templates/style.css.erb within layouts/inlined_string (0.6ms)
  Rendered /Users/dhrushil/.rvm/gems/ruby-2.2.0@rails_decal/gems/web-console-2.2.1/lib/web_console/templates/console.js.erb within layouts/javascript (54.9ms)
  Rendered /Users/dhrushil/.rvm/gems/ruby-2.2.0@rails_decal/gems/web-console-2.2.1/lib/web_console/templates/main.js.erb within layouts/javascript (0.3ms)
  Rendered /Users/dhrushil/.rvm/gems/ruby-2.2.0@rails_decal/gems/web-console-2.2.1/lib/web_console/templates/error_page.js.erb within layouts/javascript (0.4ms)
  Rendered /Users/dhrushil/.rvm/gems/ruby-2.2.0@rails_decal/gems/web-console-2.2.1/lib/web_console/templates/index.html.erb (124.1ms)


Started POST "/dogs" for 127.0.0.1 at 2015-10-09 14:14:11 -0700
Processing by DogsController#create as HTML
  Parameters: {"utf8"=>"✓", "authenticity_token"=>"Oz7kAd/0OqD7O2Zt+D3y0BpbMZKM/1KmffK5XBfK6N8=", "dog"=>{"name"=>"", "age"=>""}, "commit"=>"Create Dog"}
  [1m[36m (0.1ms)[0m  [1mbegin transaction[0m
  [1m[35m (0.1ms)[0m  rollback transaction
  [1m[36m (0.0ms)[0m  [1mbegin transaction[0m
  [1m[35m (0.1ms)[0m  rollback transaction
  Rendered dogs/new.html.erb within layouts/application (2.8ms)
Completed 200 OK in 65ms (Views: 50.6ms | ActiveRecord: 1.3ms)


Started GET "/assets/jquery.self-4c7649dd655c61cb850cfd2e71f937c3bbf3e3a752a3499ed8bb9884473fe1dd.js?body=1" for 127.0.0.1 at 2015-10-09 14:14:11 -0700


Started GET "/assets/users.self-877aef30ae1b040ab8a3aba4e3e309a11d7f2612f44dde450b5c157aa5f95c05.js?body=1" for 127.0.0.1 at 2015-10-09 14:14:11 -0700


Started GET "/assets/turbolinks.self-c37727e9bd6b2735da5c311aa83fead54ed0be6cc8bd9a65309e9c5abe2cbfff.js?body=1" for 127.0.0.1 at 2015-10-09 14:14:11 -0700


Started GET "/assets/jquery_ujs.self-82819b9f2de121124a614eeab50287468ad6f4b1ef4437925a7832ffbdf2cce9.js?body=1" for 127.0.0.1 at 2015-10-09 14:14:11 -0700


Started GET "/assets/application.self-e80e8f2318043e8af94dddc2adad5a4f09739a8ebb323b3ab31cd71d45fd9113.css?body=1" for 127.0.0.1 at 2015-10-09 14:14:11 -0700


Started GET "/assets/users.self-e3b0c44298fc1c149afbf4c8996fb92427ae41e4649b934ca495991b7852b855.css?body=1" for 127.0.0.1 at 2015-10-09 14:14:11 -0700


Started GET "/assets/application.self-3a3c8b61bda630ee689740ce7cbd0dd8ea6fdd45e2c42eef4661ab38cf268afe.js?body=1" for 127.0.0.1 at 2015-10-09 14:14:11 -0700


Started POST "/dogs" for 127.0.0.1 at 2015-10-09 14:14:16 -0700
Processing by DogsController#create as HTML
  Parameters: {"utf8"=>"✓", "authenticity_token"=>"Oz7kAd/0OqD7O2Zt+D3y0BpbMZKM/1KmffK5XBfK6N8=", "dog"=>{"name"=>"", "age"=>""}, "commit"=>"Create Dog"}
  [1m[36m (0.1ms)[0m  [1mbegin transaction[0m
  [1m[35m (0.1ms)[0m  rollback transaction
  [1m[36m (0.1ms)[0m  [1mbegin transaction[0m
  [1m[35m (0.1ms)[0m  rollback transaction
  Rendered dogs/new.html.erb within layouts/application (2.6ms)
Completed 200 OK in 74ms (Views: 66.1ms | ActiveRecord: 0.3ms)


Started POST "/dogs" for 127.0.0.1 at 2015-10-09 14:14:17 -0700
Processing by DogsController#create as HTML
  Parameters: {"utf8"=>"✓", "authenticity_token"=>"Oz7kAd/0OqD7O2Zt+D3y0BpbMZKM/1KmffK5XBfK6N8=", "dog"=>{"name"=>"", "age"=>""}, "commit"=>"Create Dog"}
  [1m[36m (0.6ms)[0m  [1mbegin transaction[0m
  [1m[35m (0.7ms)[0m  rollback transaction
  [1m[36m (0.1ms)[0m  [1mbegin transaction[0m
  [1m[35m (0.3ms)[0m  rollback transaction
  Rendered dogs/new.html.erb within layouts/application (1.7ms)
Completed 200 OK in 60ms (Views: 48.4ms | ActiveRecord: 1.7ms)


Started POST "/dogs" for 127.0.0.1 at 2015-10-09 14:14:27 -0700
Processing by DogsController#create as HTML
  Parameters: {"utf8"=>"✓", "authenticity_token"=>"Oz7kAd/0OqD7O2Zt+D3y0BpbMZKM/1KmffK5XBfK6N8=", "dog"=>{"name"=>"d_dawg", "age"=>"12"}, "commit"=>"Create Dog"}
  [1m[36m (0.1ms)[0m  [1mbegin transaction[0m
  [1m[35mSQL (1.2ms)[0m  INSERT INTO "dogs" ("age", "created_at", "name", "updated_at") VALUES (?, ?, ?, ?)  [["age", 12], ["created_at", "2015-10-09 21:14:27.874472"], ["name", "d_dawg"], ["updated_at", "2015-10-09 21:14:27.874472"]]
  [1m[36m (0.6ms)[0m  [1mcommit transaction[0m
  [1m[35m (0.1ms)[0m  begin transaction
  [1m[36m (0.1ms)[0m  [1mcommit transaction[0m
Redirected to http://localhost:3000/dogs/1
Completed 302 Found in 14ms (ActiveRecord: 2.1ms)


Started GET "/dogs/1" for 127.0.0.1 at 2015-10-09 14:14:27 -0700
Processing by DogsController#show as HTML
  Parameters: {"id"=>"1"}
  [1m[35mDog Load (0.2ms)[0m  SELECT  "dogs".* FROM "dogs"  WHERE "dogs"."id" = ? LIMIT 1  [["id", 1]]
  Rendered dogs/show.html.erb within layouts/application (9.1ms)
Completed 500 Internal Server Error in 22ms

ActionView::Template::Error (undefined method `email' for #<Dog:0x007fb94dbfb478>):
    1: Name: <%= @dog.name %>
    2: Email: <%= @dog.email %>
  app/views/dogs/show.html.erb:2:in `_app_views_dogs_show_html_erb___3864960682501950060_70216925039800'


  Rendered /Users/dhrushil/.rvm/gems/ruby-2.2.0@rails_decal/gems/actionpack-4.1.5/lib/action_dispatch/middleware/templates/rescues/_trace.html.erb (1.0ms)
  Rendered /Users/dhrushil/.rvm/gems/ruby-2.2.0@rails_decal/gems/actionpack-4.1.5/lib/action_dispatch/middleware/templates/rescues/_request_and_response.html.erb (1.0ms)
  Rendered /Users/dhrushil/.rvm/gems/ruby-2.2.0@rails_decal/gems/actionpack-4.1.5/lib/action_dispatch/middleware/templates/rescues/template_error.html.erb within rescues/layout (35.0ms)
  Rendered /Users/dhrushil/.rvm/gems/ruby-2.2.0@rails_decal/gems/web-console-2.2.1/lib/web_console/templates/_markup.html.erb (0.5ms)
  Rendered /Users/dhrushil/.rvm/gems/ruby-2.2.0@rails_decal/gems/web-console-2.2.1/lib/web_console/templates/_inner_console_markup.html.erb within layouts/inlined_string (0.6ms)
  Rendered /Users/dhrushil/.rvm/gems/ruby-2.2.0@rails_decal/gems/web-console-2.2.1/lib/web_console/templates/_prompt_box_markup.html.erb within layouts/inlined_string (0.3ms)
  Rendered /Users/dhrushil/.rvm/gems/ruby-2.2.0@rails_decal/gems/web-console-2.2.1/lib/web_console/templates/style.css.erb within layouts/inlined_string (0.3ms)
  Rendered /Users/dhrushil/.rvm/gems/ruby-2.2.0@rails_decal/gems/web-console-2.2.1/lib/web_console/templates/console.js.erb within layouts/javascript (41.6ms)
  Rendered /Users/dhrushil/.rvm/gems/ruby-2.2.0@rails_decal/gems/web-console-2.2.1/lib/web_console/templates/main.js.erb within layouts/javascript (0.4ms)
  Rendered /Users/dhrushil/.rvm/gems/ruby-2.2.0@rails_decal/gems/web-console-2.2.1/lib/web_console/templates/error_page.js.erb within layouts/javascript (0.6ms)
  Rendered /Users/dhrushil/.rvm/gems/ruby-2.2.0@rails_decal/gems/web-console-2.2.1/lib/web_console/templates/index.html.erb (94.8ms)


Started GET "/dogs/1" for 127.0.0.1 at 2015-10-09 14:17:47 -0700
  [1m[36mActiveRecord::SchemaMigration Load (0.4ms)[0m  [1mSELECT "schema_migrations".* FROM "schema_migrations"[0m
Processing by DogsController#show as HTML
  Parameters: {"id"=>"1"}
  [1m[35mDog Load (0.5ms)[0m  SELECT  "dogs".* FROM "dogs"  WHERE "dogs"."id" = ? LIMIT 1  [["id", 1]]
  Rendered dogs/show.html.erb within layouts/application (1.6ms)
Completed 200 OK in 208ms (Views: 192.1ms | ActiveRecord: 0.8ms)


Started GET "/assets/users.self-e3b0c44298fc1c149afbf4c8996fb92427ae41e4649b934ca495991b7852b855.css?body=1" for 127.0.0.1 at 2015-10-09 14:17:47 -0700


Started GET "/assets/application.self-e80e8f2318043e8af94dddc2adad5a4f09739a8ebb323b3ab31cd71d45fd9113.css?body=1" for 127.0.0.1 at 2015-10-09 14:17:47 -0700


Started GET "/assets/jquery_ujs.self-82819b9f2de121124a614eeab50287468ad6f4b1ef4437925a7832ffbdf2cce9.js?body=1" for 127.0.0.1 at 2015-10-09 14:17:47 -0700


Started GET "/assets/jquery.self-4c7649dd655c61cb850cfd2e71f937c3bbf3e3a752a3499ed8bb9884473fe1dd.js?body=1" for 127.0.0.1 at 2015-10-09 14:17:47 -0700


Started GET "/assets/application.self-3a3c8b61bda630ee689740ce7cbd0dd8ea6fdd45e2c42eef4661ab38cf268afe.js?body=1" for 127.0.0.1 at 2015-10-09 14:17:47 -0700


Started GET "/assets/turbolinks.self-c37727e9bd6b2735da5c311aa83fead54ed0be6cc8bd9a65309e9c5abe2cbfff.js?body=1" for 127.0.0.1 at 2015-10-09 14:17:47 -0700


Started GET "/assets/users.self-877aef30ae1b040ab8a3aba4e3e309a11d7f2612f44dde450b5c157aa5f95c05.js?body=1" for 127.0.0.1 at 2015-10-09 14:17:47 -0700


Started GET "/dogs/new" for 127.0.0.1 at 2015-10-09 14:19:30 -0700
Processing by DogsController#new as HTML
  Rendered dogs/new.html.erb within layouts/application (16.0ms)
Completed 200 OK in 50ms (Views: 49.6ms | ActiveRecord: 0.0ms)


Started GET "/dogs/new" for 127.0.0.1 at 2015-10-09 14:20:01 -0700
Processing by DogsController#new as HTML
  Rendered dogs/new.html.erb within layouts/application (1.7ms)
Completed 200 OK in 31ms (Views: 30.1ms | ActiveRecord: 0.0ms)


Started GET "/assets/users.self-e3b0c44298fc1c149afbf4c8996fb92427ae41e4649b934ca495991b7852b855.css?body=1" for 127.0.0.1 at 2015-10-09 14:20:01 -0700


Started GET "/assets/jquery.self-4c7649dd655c61cb850cfd2e71f937c3bbf3e3a752a3499ed8bb9884473fe1dd.js?body=1" for 127.0.0.1 at 2015-10-09 14:20:01 -0700


Started GET "/assets/application.self-e80e8f2318043e8af94dddc2adad5a4f09739a8ebb323b3ab31cd71d45fd9113.css?body=1" for 127.0.0.1 at 2015-10-09 14:20:02 -0700


Started GET "/assets/jquery_ujs.self-82819b9f2de121124a614eeab50287468ad6f4b1ef4437925a7832ffbdf2cce9.js?body=1" for 127.0.0.1 at 2015-10-09 14:20:02 -0700


Started GET "/assets/turbolinks.self-c37727e9bd6b2735da5c311aa83fead54ed0be6cc8bd9a65309e9c5abe2cbfff.js?body=1" for 127.0.0.1 at 2015-10-09 14:20:02 -0700


Started GET "/assets/users.self-877aef30ae1b040ab8a3aba4e3e309a11d7f2612f44dde450b5c157aa5f95c05.js?body=1" for 127.0.0.1 at 2015-10-09 14:20:02 -0700


Started GET "/assets/application.self-3a3c8b61bda630ee689740ce7cbd0dd8ea6fdd45e2c42eef4661ab38cf268afe.js?body=1" for 127.0.0.1 at 2015-10-09 14:20:02 -0700
